Content-Type: text/plain; charset="utf-8"
Content-Transfer-Encoding: quoted-printable
MIME-Version: 1.0
Subject: Password reset on 127.0.0.1:8000
From: noreply@localhost
To: brahmasurya.v@gmail.com
Date: Fri, 27 Mar 2026 14:40:26 +0000
Message-ID: <177462242690.26340.12200526727186453997@DESKTOP-M6R5A3F>


You're receiving this email because you requested a password reset for your u=
ser account at 127.0.0.1:8000.

Please go to the following page and choose a new password:

http://127.0.0.1:8000/accounts/reset/Mw/d6481e-2bf7cf3a4eb3498bb3907ae96b2374=
81/

In case you=E2=80=99ve forgotten, you are: surya123

Thanks for using our site!

The 127.0.0.1:8000 team



-------------------------------------------------------------------------------
Content-Type: text/plain; charset="utf-8"
Content-Transfer-Encoding: quoted-printable
MIME-Version: 1.0
Subject: Password reset on 127.0.0.1:8000
From: noreply@localhost
To: brahmasurya.v@gmail.com
Date: Fri, 27 Mar 2026 14:40:26 +0000
Message-ID: <177462242690.26340.11142633266179766601@DESKTOP-M6R5A3F>


You're receiving this email because you requested a password reset for your u=
ser account at 127.0.0.1:8000.

Please go to the following page and choose a new password:

http://127.0.0.1:8000/accounts/reset/NA/d6481e-e2822c1ea53444cec17c567594e38b=
99/

In case you=E2=80=99ve forgotten, you are: testuser2

Thanks for using our site!

The 127.0.0.1:8000 team



-------------------------------------------------------------------------------
