Content-Type: text/plain; charset="utf-8"
Content-Transfer-Encoding: quoted-printable
MIME-Version: 1.0
Subject: Password reset on 127.0.0.1:8000
From: noreply@localhost
To: brahmasurya.v@gmail.com
Date: Fri, 27 Mar 2026 14:47:08 +0000
Message-ID: <177462282872.26340.3092079926128570689@DESKTOP-M6R5A3F>


You're receiving this email because you requested a password reset for your u=
ser account at 127.0.0.1:8000.

Please go to the following page and choose a new password:

http://127.0.0.1:8000/accounts/reset/MQ/d648ck-0775bbf0401f730e011e43d7ac1ea2=
ac/

In case you=E2=80=99ve forgotten, you are: vsb1983

Thanks for using our site!

The 127.0.0.1:8000 team



-------------------------------------------------------------------------------
Content-Type: text/plain; charset="utf-8"
Content-Transfer-Encoding: quoted-printable
MIME-Version: 1.0
Subject: Password reset on 127.0.0.1:8000
From: noreply@localhost
To: brahmasurya.v@gmail.com
Date: Fri, 27 Mar 2026 14:47:08 +0000
Message-ID: <177462282873.26340.10322497052754859936@DESKTOP-M6R5A3F>


You're receiving this email because you requested a password reset for your u=
ser account at 127.0.0.1:8000.

Please go to the following page and choose a new password:

http://127.0.0.1:8000/accounts/reset/Mw/d648ck-84b097f723c5c453de45315198d13c=
9a/

In case you=E2=80=99ve forgotten, you are: surya123

Thanks for using our site!

The 127.0.0.1:8000 team



-------------------------------------------------------------------------------
