Content-Type: text/plain; charset="utf-8"
Content-Transfer-Encoding: quoted-printable
MIME-Version: 1.0
Subject: Password reset on 127.0.0.1:8000
From: noreply@localhost
To: brahmasurya.v@gmail.com
Date: Fri, 27 Mar 2026 14:47:08 +0000
Message-ID: <177462282873.26340.8344639570932946175@DESKTOP-M6R5A3F>


You're receiving this email because you requested a password reset for your u=
ser account at 127.0.0.1:8000.

Please go to the following page and choose a new password:

http://127.0.0.1:8000/accounts/reset/NA/d648ck-7158900bbed392f212f6d03043f96c=
23/

In case you=E2=80=99ve forgotten, you are: testuser2

Thanks for using our site!

The 127.0.0.1:8000 team



-------------------------------------------------------------------------------
Content-Type: text/plain; charset="utf-8"
Content-Transfer-Encoding: quoted-printable
MIME-Version: 1.0
Subject: Password reset on 127.0.0.1:8000
From: noreply@localhost
To: brahmasurya.v@gmail.com
Date: Fri, 27 Mar 2026 14:47:08 +0000
Message-ID: <177462282874.26340.6567755890885616941@DESKTOP-M6R5A3F>


You're receiving this email because you requested a password reset for your u=
ser account at 127.0.0.1:8000.

Please go to the following page and choose a new password:

http://127.0.0.1:8000/accounts/reset/NQ/d648ck-1a543ec9267a032912c93561df69a4=
8c/

In case you=E2=80=99ve forgotten, you are: testuser3

Thanks for using our site!

The 127.0.0.1:8000 team



-------------------------------------------------------------------------------
