Content-Type: text/plain; charset="utf-8"
Content-Transfer-Encoding: quoted-printable
MIME-Version: 1.0
Subject: Password reset on 127.0.0.1:8000
From: noreply@localhost
To: brahmasurya.v@gmail.com
Date: Fri, 27 Mar 2026 14:46:14 +0000
Message-ID: <177462277483.26340.13527902963499674862@DESKTOP-M6R5A3F>


You're receiving this email because you requested a password reset for your u=
ser account at 127.0.0.1:8000.

Please go to the following page and choose a new password:

http://127.0.0.1:8000/accounts/reset/NA/d648b2-68a9a45af5e3e9fa0bd4ef588c2bb5=
1f/

In case you=E2=80=99ve forgotten, you are: testuser2

Thanks for using our site!

The 127.0.0.1:8000 team



-------------------------------------------------------------------------------
Content-Type: text/plain; charset="utf-8"
Content-Transfer-Encoding: quoted-printable
MIME-Version: 1.0
Subject: Password reset on 127.0.0.1:8000
From: noreply@localhost
To: brahmasurya.v@gmail.com
Date: Fri, 27 Mar 2026 14:46:14 +0000
Message-ID: <177462277484.26340.3799786586377516771@DESKTOP-M6R5A3F>


You're receiving this email because you requested a password reset for your u=
ser account at 127.0.0.1:8000.

Please go to the following page and choose a new password:

http://127.0.0.1:8000/accounts/reset/NQ/d648b2-40e40d7330954a0b30a548d04e5b71=
bc/

In case you=E2=80=99ve forgotten, you are: testuser3

Thanks for using our site!

The 127.0.0.1:8000 team



-------------------------------------------------------------------------------
